# JRE version: OpenJDK Runtime Environment Microsoft-8035246 (17.0.8+7) (build 17.0.8+7-LTS)
# Java VM: OpenJDK 64-Bit Server VM Microsoft-8035246 (17.0.8+7-LTS, mixed mode, sharing, tiered, compressed oops, compressed class ptrs, g1 gc, windows-amd64)
GC Precious Log:
 CPUs: 4 total, 4 available
 Memory: 7821M
 Large Page Support: Disabled
 NUMA Support: Disabled
 Compressed Oops: Enabled (32-bit)
 Heap Region Size: 1M
 Heap Min Capacity: 8M
 Heap Initial Capacity: 124M
 Heap Max Capacity: 2G
 Pre-touch: Disabled
 Parallel Workers: 4
 Concurrent Workers: 1
 Concurrent Refinement Workers: 4
 Periodic GC: Disabled
Heap:
 garbage-first heap   total 304128K, used 231259K [0x0000000080000000, 0x0000000100000000)
  region size 1024K, 32 young (32768K), 7 survivors (7168K)
 Metaspace       used 107531K, committed 108800K, reserved 557056K
  class space    used 14872K, committed 15424K, reserved 425984K
GC Heap History (20 events):
Event: 60.804 GC heap before
{Heap before GC invocations=65 (full 0):
 garbage-first heap   total 252928K, used 206309K [0x0000000080000000, 0x0000000100000000)
  region size 1024K, 41 young (41984K), 6 survivors (6144K)
 Metaspace       used 99695K, committed 100864K, reserved 557056K
  class space    used 13932K, committed 14464K, reserved 425984K
}
Event: 60.817 GC heap after
{Heap after GC invocations=66 (full 0):
 garbage-first heap   total 252928K, used 178176K [0x0000000080000000, 0x0000000100000000)
  region size 1024K, 6 young (6144K), 6 survivors (6144K)
 Metaspace       used 99695K, committed 100864K, reserved 557056K
  class space    used 13932K, committed 14464K, reserved 425984K
}
Event: 61.455 GC heap before
{Heap before GC invocations=66 (full 0):
 garbage-first heap   total 252928K, used 208896K [0x0000000080000000, 0x0000000100000000)
  region size 1024K, 36 young (36864K), 6 survivors (6144K)
 Metaspace       used 102401K, committed 103552K, reserved 557056K
  class space    used 14334K, committed 14848K, reserved 425984K
}
Event: 61.466 GC heap after
{Heap after GC invocations=67 (full 0):
 garbage-first heap   total 252928K, used 180480K [0x0000000080000000, 0x0000000100000000)
  region size 1024K, 2 young (2048K), 2 survivors (2048K)
 Metaspace       used 102401K, committed 103552K, reserved 557056K
  class space    used 14334K, committed 14848K, reserved 425984K
}
Event: 62.297 GC heap before
{Heap before GC invocations=67 (full 0):
 garbage-first heap   total 252928K, used 211200K [0x0000000080000000, 0x0000000100000000)
  region size 1024K, 32 young (32768K), 2 survivors (2048K)
 Metaspace       used 103492K, committed 104640K, reserved 557056K
  class space    used 14470K, committed 14976K, reserved 425984K
}
Event: 62.309 GC heap after
{Heap after GC invocations=68 (full 0):
 garbage-first heap   total 252928K, used 185279K [0x0000000080000000, 0x0000000100000000)
  region size 1024K, 4 young (4096K), 4 survivors (4096K)
 Metaspace       used 103492K, committed 104640K, reserved 557056K
  class space    used 14470K, committed 14976K, reserved 425984K
}
Event: 62.780 GC heap before
{Heap before GC invocations=68 (full 0):
 garbage-first heap   total 252928K, used 212927K [0x0000000080000000, 0x0000000100000000)
  region size 1024K, 31 young (31744K), 4 survivors (4096K)
 Metaspace       used 103941K, committed 105024K, reserved 557056K
  class space    used 14508K, committed 14976K, reserved 425984K
}
Event: 62.790 GC heap after
{Heap after GC invocations=69 (full 0):
 garbage-first heap   total 252928K, used 188957K [0x0000000080000000, 0x0000000100000000)
  region size 1024K, 4 young (4096K), 4 survivors (4096K)
 Metaspace       used 103941K, committed 105024K, reserved 557056K
  class space    used 14508K, committed 14976K, reserved 425984K
}
Event: 63.235 GC heap before
{Heap before GC invocations=69 (full 0):
 garbage-first heap   total 252928K, used 214557K [0x0000000080000000, 0x0000000100000000)
  region size 1024K, 29 young (29696K), 4 survivors (4096K)
 Metaspace       used 104087K, committed 105216K, reserved 557056K
  class space    used 14508K, committed 14976K, reserved 425984K
}
Event: 63.242 GC heap after
{Heap after GC invocations=70 (full 0):
 garbage-first heap   total 252928K, used 191484K [0x0000000080000000, 0x0000000100000000)
  region size 1024K, 3 young (3072K), 3 survivors (3072K)
 Metaspace       used 104087K, committed 105216K, reserved 557056K
  class space    used 14508K, committed 14976K, reserved 425984K
}
Event: 63.530 GC heap before
{Heap before GC invocations=70 (full 0):
 garbage-first heap   total 252928K, used 216060K [0x0000000080000000, 0x0000000100000000)
  region size 1024K, 27 young (27648K), 3 survivors (3072K)
 Metaspace       used 104253K, committed 105472K, reserved 557056K
  class space    used 14528K, committed 15040K, reserved 425984K
}
Event: 63.537 GC heap after
{Heap after GC invocations=71 (full 0):
 garbage-first heap   total 252928K, used 194460K [0x0000000080000000, 0x0000000100000000)
  region size 1024K, 3 young (3072K), 3 survivors (3072K)
 Metaspace       used 104253K, committed 105472K, reserved 557056K
  class space    used 14528K, committed 15040K, reserved 425984K
}
Event: 63.851 GC heap before
{Heap before GC invocations=71 (full 0):
 garbage-first heap   total 252928K, used 216988K [0x0000000080000000, 0x0000000100000000)
  region size 1024K, 26 young (26624K), 3 survivors (3072K)
 Metaspace       used 104831K, committed 106048K, reserved 557056K
  class space    used 14574K, committed 15104K, reserved 425984K
}
Event: 63.859 GC heap after
{Heap after GC invocations=72 (full 0):
 garbage-first heap   total 252928K, used 198419K [0x0000000080000000, 0x0000000100000000)
  region size 1024K, 4 young (4096K), 4 survivors (4096K)
 Metaspace       used 104831K, committed 106048K, reserved 557056K
  class space    used 14574K, committed 15104K, reserved 425984K
}
Event: 64.237 GC heap before
{Heap before GC invocations=72 (full 0):
 garbage-first heap   total 252928K, used 221971K [0x0000000080000000, 0x0000000100000000)
  region size 1024K, 23 young (23552K), 4 survivors (4096K)
 Metaspace       used 106538K, committed 107648K, reserved 557056K
  class space    used 14765K, committed 15232K, reserved 425984K
}
Event: 64.245 GC heap after
{Heap after GC invocations=73 (full 0):
 garbage-first heap   total 304128K, used 200381K [0x0000000080000000, 0x0000000100000000)
  region size 1024K, 3 young (3072K), 3 survivors (3072K)
 Metaspace       used 106538K, committed 107648K, reserved 557056K
  class space    used 14765K, committed 15232K, reserved 425984K
}
Event: 65.199 GC heap before
{Heap before GC invocations=73 (full 0):
 garbage-first heap   total 304128K, used 244413K [0x0000000080000000, 0x0000000100000000)
  region size 1024K, 47 young (48128K), 3 survivors (3072K)
 Metaspace       used 106948K, committed 108096K, reserved 557056K
  class space    used 14776K, committed 15296K, reserved 425984K
}
Event: 65.206 GC heap after
{Heap after GC invocations=74 (full 0):
 garbage-first heap   total 304128K, used 202332K [0x0000000080000000, 0x0000000100000000)
  region size 1024K, 5 young (5120K), 5 survivors (5120K)
 Metaspace       used 106948K, committed 108096K, reserved 557056K
  class space    used 14776K, committed 15296K, reserved 425984K
}
Event: 66.259 GC heap before
{Heap before GC invocations=74 (full 0):
 garbage-first heap   total 304128K, used 248412K [0x0000000080000000, 0x0000000100000000)
  region size 1024K, 51 young (52224K), 5 survivors (5120K)
 Metaspace       used 107499K, committed 108672K, reserved 557056K
  class space    used 14872K, committed 15424K, reserved 425984K
}
Event: 66.267 GC heap after
{Heap after GC invocations=75 (full 0):
 garbage-first heap   total 304128K, used 206683K [0x0000000080000000, 0x0000000100000000)
  region size 1024K, 7 young (7168K), 7 survivors (7168K)
 Metaspace       used 107499K, committed 108672K, reserved 557056K
  class space    used 14872K, committed 15424K, reserved 425984K
}

