# JRE version: OpenJDK Runtime Environment Microsoft-8035246 (17.0.8+7) (build 17.0.8+7-LTS)
# Java VM: OpenJDK 64-Bit Server VM Microsoft-8035246 (17.0.8+7-LTS, mixed mode, sharing, tiered, compressed oops, compressed class ptrs, g1 gc, windows-amd64)
GC Precious Log:
 CPUs: 4 total, 4 available
 Memory: 7821M
 Large Page Support: Disabled
 NUMA Support: Disabled
 Compressed Oops: Enabled (32-bit)
 Heap Region Size: 1M
 Heap Min Capacity: 8M
 Heap Initial Capacity: 124M
 Heap Max Capacity: 2G
 Pre-touch: Disabled
 Parallel Workers: 4
 Concurrent Workers: 1
 Concurrent Refinement Workers: 4
 Periodic GC: Disabled
Heap:
 garbage-first heap   total 257024K, used 225249K [0x0000000080000000, 0x0000000100000000)
  region size 1024K, 21 young (21504K), 2 survivors (2048K)
 Metaspace       used 107378K, committed 108480K, reserved 557056K
  class space    used 14860K, committed 15360K, reserved 425984K
GC Heap History (20 events):
Event: 59.391 GC heap before
{Heap before GC invocations=60 (full 0):
 garbage-first heap   total 257024K, used 210646K [0x0000000080000000, 0x0000000100000000)
  region size 1024K, 41 young (41984K), 6 survivors (6144K)
 Metaspace       used 101792K, committed 102976K, reserved 557056K
  class space    used 14280K, committed 14784K, reserved 425984K
}
Event: 59.409 GC heap after
{Heap after GC invocations=61 (full 0):
 garbage-first heap   total 257024K, used 177578K [0x0000000080000000, 0x0000000100000000)
  region size 1024K, 3 young (3072K), 3 survivors (3072K)
 Metaspace       used 101792K, committed 102976K, reserved 557056K
  class space    used 14280K, committed 14784K, reserved 425984K
}
Event: 61.205 GC heap before
{Heap before GC invocations=61 (full 0):
 garbage-first heap   total 257024K, used 212394K [0x0000000080000000, 0x0000000100000000)
  region size 1024K, 37 young (37888K), 3 survivors (3072K)
 Metaspace       used 103348K, committed 104512K, reserved 557056K
  class space    used 14461K, committed 14976K, reserved 425984K
}
Event: 61.218 GC heap after
{Heap after GC invocations=62 (full 0):
 garbage-first heap   total 257024K, used 182263K [0x0000000080000000, 0x0000000100000000)
  region size 1024K, 5 young (5120K), 5 survivors (5120K)
 Metaspace       used 103348K, committed 104512K, reserved 557056K
  class space    used 14461K, committed 14976K, reserved 425984K
}
Event: 61.956 GC heap before
{Heap before GC invocations=62 (full 0):
 garbage-first heap   total 257024K, used 215031K [0x0000000080000000, 0x0000000100000000)
  region size 1024K, 37 young (37888K), 5 survivors (5120K)
 Metaspace       used 103812K, committed 104896K, reserved 557056K
  class space    used 14501K, committed 14976K, reserved 425984K
}
Event: 61.968 GC heap after
{Heap after GC invocations=63 (full 0):
 garbage-first heap   total 257024K, used 186185K [0x0000000080000000, 0x0000000100000000)
  region size 1024K, 4 young (4096K), 4 survivors (4096K)
 Metaspace       used 103812K, committed 104896K, reserved 557056K
  class space    used 14501K, committed 14976K, reserved 425984K
}
Event: 62.385 GC heap before
{Heap before GC invocations=63 (full 0):
 garbage-first heap   total 257024K, used 215881K [0x0000000080000000, 0x0000000100000000)
  region size 1024K, 33 young (33792K), 4 survivors (4096K)
 Metaspace       used 103981K, committed 105088K, reserved 557056K
  class space    used 14501K, committed 14976K, reserved 425984K
}
Event: 62.393 GC heap after
{Heap after GC invocations=64 (full 0):
 garbage-first heap   total 257024K, used 189031K [0x0000000080000000, 0x0000000100000000)
  region size 1024K, 3 young (3072K), 3 survivors (3072K)
 Metaspace       used 103981K, committed 105088K, reserved 557056K
  class space    used 14501K, committed 14976K, reserved 425984K
}
Event: 62.823 GC heap before
{Heap before GC invocations=64 (full 0):
 garbage-first heap   total 257024K, used 217703K [0x0000000080000000, 0x0000000100000000)
  region size 1024K, 32 young (32768K), 3 survivors (3072K)
 Metaspace       used 104700K, committed 105792K, reserved 557056K
  class space    used 14563K, committed 15040K, reserved 425984K
}
Event: 62.833 GC heap after
{Heap after GC invocations=65 (full 0):
 garbage-first heap   total 257024K, used 193991K [0x0000000080000000, 0x0000000100000000)
  region size 1024K, 4 young (4096K), 4 survivors (4096K)
 Metaspace       used 104700K, committed 105792K, reserved 557056K
  class space    used 14563K, committed 15040K, reserved 425984K
}
Event: 63.466 GC heap before
{Heap before GC invocations=65 (full 0):
 garbage-first heap   total 257024K, used 222663K [0x0000000080000000, 0x0000000100000000)
  region size 1024K, 28 young (28672K), 4 survivors (4096K)
 Metaspace       used 106505K, committed 107712K, reserved 557056K
  class space    used 14761K, committed 15296K, reserved 425984K
}
Event: 63.476 GC heap after
{Heap after GC invocations=66 (full 0):
 garbage-first heap   total 257024K, used 196574K [0x0000000080000000, 0x0000000100000000)
  region size 1024K, 3 young (3072K), 3 survivors (3072K)
 Metaspace       used 106505K, committed 107712K, reserved 557056K
  class space    used 14761K, committed 15296K, reserved 425984K
}
Event: 63.929 GC heap before
{Heap before GC invocations=66 (full 0):
 garbage-first heap   total 257024K, used 218078K [0x0000000080000000, 0x0000000100000000)
  region size 1024K, 25 young (25600K), 3 survivors (3072K)
 Metaspace       used 106725K, committed 107904K, reserved 557056K
  class space    used 14769K, committed 15296K, reserved 425984K
}
Event: 63.934 GC heap after
{Heap after GC invocations=67 (full 0):
 garbage-first heap   total 257024K, used 197511K [0x0000000080000000, 0x0000000100000000)
  region size 1024K, 2 young (2048K), 2 survivors (2048K)
 Metaspace       used 106725K, committed 107904K, reserved 557056K
  class space    used 14769K, committed 15296K, reserved 425984K
}
Event: 64.382 GC heap before
{Heap before GC invocations=67 (full 0):
 garbage-first heap   total 257024K, used 221063K [0x0000000080000000, 0x0000000100000000)
  region size 1024K, 25 young (25600K), 2 survivors (2048K)
 Metaspace       used 107233K, committed 108352K, reserved 557056K
  class space    used 14856K, committed 15360K, reserved 425984K
}
Event: 64.386 GC heap after
{Heap after GC invocations=68 (full 0):
 garbage-first heap   total 257024K, used 198406K [0x0000000080000000, 0x0000000100000000)
  region size 1024K, 2 young (2048K), 2 survivors (2048K)
 Metaspace       used 107233K, committed 108352K, reserved 557056K
  class space    used 14856K, committed 15360K, reserved 425984K
}
Event: 64.849 GC heap before
{Heap before GC invocations=68 (full 0):
 garbage-first heap   total 257024K, used 220934K [0x0000000080000000, 0x0000000100000000)
  region size 1024K, 25 young (25600K), 2 survivors (2048K)
 Metaspace       used 107316K, committed 108480K, reserved 557056K
  class space    used 14860K, committed 15360K, reserved 425984K
}
Event: 64.855 GC heap after
{Heap after GC invocations=69 (full 0):
 garbage-first heap   total 257024K, used 201470K [0x0000000080000000, 0x0000000100000000)
  region size 1024K, 4 young (4096K), 4 survivors (4096K)
 Metaspace       used 107316K, committed 108480K, reserved 557056K
  class space    used 14860K, committed 15360K, reserved 425984K
}
Event: 65.707 GC heap before
{Heap before GC invocations=69 (full 0):
 garbage-first heap   total 257024K, used 221950K [0x0000000080000000, 0x0000000100000000)
  region size 1024K, 25 young (25600K), 4 survivors (4096K)
 Metaspace       used 107317K, committed 108480K, reserved 557056K
  class space    used 14860K, committed 15360K, reserved 425984K
}
Event: 65.716 GC heap after
{Heap after GC invocations=70 (full 0):
 garbage-first heap   total 257024K, used 202721K [0x0000000080000000, 0x0000000100000000)
  region size 1024K, 2 young (2048K), 2 survivors (2048K)
 Metaspace       used 107317K, committed 108480K, reserved 557056K
  class space    used 14860K, committed 15360K, reserved 425984K
}

