# JRE version: OpenJDK Runtime Environment Microsoft-8035246 (17.0.8+7) (build 17.0.8+7-LTS)
# Java VM: OpenJDK 64-Bit Server VM Microsoft-8035246 (17.0.8+7-LTS, mixed mode, sharing, tiered, compressed oops, compressed class ptrs, g1 gc, windows-amd64)
GC Precious Log:
 CPUs: 4 total, 4 available
 Memory: 7821M
 Large Page Support: Disabled
 NUMA Support: Disabled
 Compressed Oops: Enabled (32-bit)
 Heap Region Size: 1M
 Heap Min Capacity: 8M
 Heap Initial Capacity: 124M
 Heap Max Capacity: 2G
 Pre-touch: Disabled
 Parallel Workers: 4
 Concurrent Workers: 1
 Concurrent Refinement Workers: 4
 Periodic GC: Disabled
Heap:
 garbage-first heap   total 307200K, used 254387K [0x0000000080000000, 0x0000000100000000)
  region size 1024K, 53 young (54272K), 7 survivors (7168K)
 Metaspace       used 107521K, committed 108736K, reserved 557056K
  class space    used 14893K, committed 15424K, reserved 425984K
GC Heap History (20 events):
Event: 45.407 GC heap before
{Heap before GC invocations=59 (full 0):
 garbage-first heap   total 212992K, used 179252K [0x0000000080000000, 0x0000000100000000)
  region size 1024K, 19 young (19456K), 4 survivors (4096K)
 Metaspace       used 98774K, committed 99904K, reserved 557056K
  class space    used 13838K, committed 14336K, reserved 425984K
}
Event: 45.419 GC heap after
{Heap after GC invocations=60 (full 0):
 garbage-first heap   total 256000K, used 168301K [0x0000000080000000, 0x0000000100000000)
  region size 1024K, 3 young (3072K), 3 survivors (3072K)
 Metaspace       used 98774K, committed 99904K, reserved 557056K
  class space    used 13838K, committed 14336K, reserved 425984K
}
Event: 46.053 GC heap before
{Heap before GC invocations=60 (full 0):
 garbage-first heap   total 256000K, used 206189K [0x0000000080000000, 0x0000000100000000)
  region size 1024K, 39 young (39936K), 3 survivors (3072K)
 Metaspace       used 99278K, committed 100416K, reserved 557056K
  class space    used 13891K, committed 14400K, reserved 425984K
}
Event: 46.065 GC heap after
{Heap after GC invocations=61 (full 0):
 garbage-first heap   total 256000K, used 177295K [0x0000000080000000, 0x0000000100000000)
  region size 1024K, 5 young (5120K), 5 survivors (5120K)
 Metaspace       used 99278K, committed 100416K, reserved 557056K
  class space    used 13891K, committed 14400K, reserved 425984K
}
Event: 46.680 GC heap before
{Heap before GC invocations=61 (full 0):
 garbage-first heap   total 256000K, used 209039K [0x0000000080000000, 0x0000000100000000)
  region size 1024K, 36 young (36864K), 5 survivors (5120K)
 Metaspace       used 101916K, committed 103104K, reserved 557056K
  class space    used 14305K, committed 14848K, reserved 425984K
}
Event: 46.688 GC heap after
{Heap after GC invocations=62 (full 0):
 garbage-first heap   total 256000K, used 179599K [0x0000000080000000, 0x0000000100000000)
  region size 1024K, 2 young (2048K), 2 survivors (2048K)
 Metaspace       used 101916K, committed 103104K, reserved 557056K
  class space    used 14305K, committed 14848K, reserved 425984K
}
Event: 47.385 GC heap before
{Heap before GC invocations=62 (full 0):
 garbage-first heap   total 256000K, used 212367K [0x0000000080000000, 0x0000000100000000)
  region size 1024K, 34 young (34816K), 2 survivors (2048K)
 Metaspace       used 103322K, committed 104512K, reserved 557056K
  class space    used 14471K, committed 15040K, reserved 425984K
}
Event: 47.396 GC heap after
{Heap after GC invocations=63 (full 0):
 garbage-first heap   total 256000K, used 184283K [0x0000000080000000, 0x0000000100000000)
  region size 1024K, 5 young (5120K), 5 survivors (5120K)
 Metaspace       used 103322K, committed 104512K, reserved 557056K
  class space    used 14471K, committed 15040K, reserved 425984K
}
Event: 47.768 GC heap before
{Heap before GC invocations=63 (full 0):
 garbage-first heap   total 256000K, used 213979K [0x0000000080000000, 0x0000000100000000)
  region size 1024K, 34 young (34816K), 5 survivors (5120K)
 Metaspace       used 103876K, committed 105088K, reserved 557056K
  class space    used 14526K, committed 15040K, reserved 425984K
}
Event: 47.783 GC heap after
{Heap after GC invocations=64 (full 0):
 garbage-first heap   total 256000K, used 188031K [0x0000000080000000, 0x0000000100000000)
  region size 1024K, 4 young (4096K), 4 survivors (4096K)
 Metaspace       used 103876K, committed 105088K, reserved 557056K
  class space    used 14526K, committed 15040K, reserved 425984K
}
Event: 48.080 GC heap before
{Heap before GC invocations=64 (full 0):
 garbage-first heap   total 256000K, used 215679K [0x0000000080000000, 0x0000000100000000)
  region size 1024K, 31 young (31744K), 4 survivors (4096K)
 Metaspace       used 104042K, committed 105216K, reserved 557056K
  class space    used 14526K, committed 15040K, reserved 425984K
}
Event: 48.087 GC heap after
{Heap after GC invocations=65 (full 0):
 garbage-first heap   total 256000K, used 190752K [0x0000000080000000, 0x0000000100000000)
  region size 1024K, 3 young (3072K), 3 survivors (3072K)
 Metaspace       used 104042K, committed 105216K, reserved 557056K
  class space    used 14526K, committed 15040K, reserved 425984K
}
Event: 48.352 GC heap before
{Heap before GC invocations=65 (full 0):
 garbage-first heap   total 256000K, used 217376K [0x0000000080000000, 0x0000000100000000)
  region size 1024K, 29 young (29696K), 3 survivors (3072K)
 Metaspace       used 104235K, committed 105472K, reserved 557056K
  class space    used 14546K, committed 15104K, reserved 425984K
}
Event: 48.360 GC heap after
{Heap after GC invocations=66 (full 0):
 garbage-first heap   total 256000K, used 193938K [0x0000000080000000, 0x0000000100000000)
  region size 1024K, 4 young (4096K), 4 survivors (4096K)
 Metaspace       used 104235K, committed 105472K, reserved 557056K
  class space    used 14546K, committed 15104K, reserved 425984K
}
Event: 48.605 GC heap before
{Heap before GC invocations=66 (full 0):
 garbage-first heap   total 256000K, used 217490K [0x0000000080000000, 0x0000000100000000)
  region size 1024K, 28 young (28672K), 4 survivors (4096K)
 Metaspace       used 105070K, committed 106304K, reserved 557056K
  class space    used 14613K, committed 15168K, reserved 425984K
}
Event: 48.615 GC heap after
{Heap after GC invocations=67 (full 0):
 garbage-first heap   total 307200K, used 198180K [0x0000000080000000, 0x0000000100000000)
  region size 1024K, 4 young (4096K), 4 survivors (4096K)
 Metaspace       used 105070K, committed 106304K, reserved 557056K
  class space    used 14613K, committed 15168K, reserved 425984K
}
Event: 49.630 GC heap before
{Heap before GC invocations=67 (full 0):
 garbage-first heap   total 307200K, used 253476K [0x0000000080000000, 0x0000000100000000)
  region size 1024K, 54 young (55296K), 4 survivors (4096K)
 Metaspace       used 106863K, committed 108096K, reserved 557056K
  class space    used 14797K, committed 15360K, reserved 425984K
}
Event: 49.637 GC heap after
{Heap after GC invocations=68 (full 0):
 garbage-first heap   total 307200K, used 200932K [0x0000000080000000, 0x0000000100000000)
  region size 1024K, 3 young (3072K), 3 survivors (3072K)
 Metaspace       used 106863K, committed 108096K, reserved 557056K
  class space    used 14797K, committed 15360K, reserved 425984K
}
Event: 50.486 GC heap before
{Heap before GC invocations=68 (full 0):
 garbage-first heap   total 307200K, used 252132K [0x0000000080000000, 0x0000000100000000)
  region size 1024K, 54 young (55296K), 3 survivors (3072K)
 Metaspace       used 107465K, committed 108672K, reserved 557056K
  class space    used 14892K, committed 15424K, reserved 425984K
}
Event: 50.494 GC heap after
{Heap after GC invocations=69 (full 0):
 garbage-first heap   total 307200K, used 205235K [0x0000000080000000, 0x0000000100000000)
  region size 1024K, 7 young (7168K), 7 survivors (7168K)
 Metaspace       used 107465K, committed 108672K, reserved 557056K
  class space    used 14892K, committed 15424K, reserved 425984K
}

